<?xml version="1.0" encoding="UTF-8"?>
<testng-results skipped="0" failed="1" ignored="0" total="1" passed="0">
  <reporter-output>
    <line>
      <![CDATA[Login Pageis displayed]]>
    </line>
    <line>
      <![CDATA[Open Tasks Pageis displayed]]>
    </line>
    <line>
      <![CDATA[Active Projects & Customers Pageis displayed]]>
    </line>
  </reporter-output>
  <suite name="Suite" duration-ms="18870" started-at="2021-03-03T09:00:22 IST" finished-at="2021-03-03T09:00:41 IST">
    <groups>
    </groups>
    <test name="Test" duration-ms="18870" started-at="2021-03-03T09:00:22 IST" finished-at="2021-03-03T09:00:41 IST">
      <class name="actitime.CreateProjectTest">
        <test-method status="PASS" signature="openBrowser()[pri:0, instance:actitime.CreateProjectTest@45820e51]" name="openBrowser" is-config="true" duration-ms="13530" started-at="2021-03-03T09:00:22 IST" finished-at="2021-03-03T09:00:35 IST">
          <reporter-output>
            <line>
              <![CDATA[Login Pageis displayed]]>
            </line>
          </reporter-output>
        </test-method> <!-- openBrowser -->
        <test-method status="FAIL" signature="createProject()[pri:0, instance:actitime.CreateProjectTest@45820e51]" name="createProject" duration-ms="5199" started-at="2021-03-03T09:00:35 IST" finished-at="2021-03-03T09:00:41 IST">
          <exception class="java.lang.NullPointerException">
            <full-stacktrace>
              <![CDATA[java.lang.NullPointerException
at com.pages.ActiveProjectsAndCustPage.clickAddPrj(ActiveProjectsAndCustPage.java:24)
at actitime.CreateProjectTest.createProject(CreateProjectTest.java:32)
at sun.reflect.NativeMethodAccessorImpl.invoke0(Native Method)
at sun.reflect.NativeMethodAccessorImpl.invoke(NativeMethodAccessorImpl.java:62)
at sun.reflect.DelegatingMethodAccessorImpl.invoke(DelegatingMethodAccessorImpl.java:43)
at java.lang.reflect.Method.invoke(Method.java:498)
at org.testng.internal.MethodInvocationHelper.invokeMethod(MethodInvocationHelper.java:132)
at org.testng.internal.TestInvoker.invokeMethod(TestInvoker.java:599)
at org.testng.internal.TestInvoker.invokeTestMethod(TestInvoker.java:174)
at org.testng.internal.MethodRunner.runInSequence(MethodRunner.java:46)
at org.testng.internal.TestInvoker$MethodInvocationAgent.invoke(TestInvoker.java:822)
at org.testng.internal.TestInvoker.invokeTestMethods(TestInvoker.java:147)
at org.testng.internal.TestMethodWorker.invokeTestMethods(TestMethodWorker.java:146)
at org.testng.internal.TestMethodWorker.run(TestMethodWorker.java:128)
at java.util.ArrayList.forEach(ArrayList.java:1259)
at org.testng.TestRunner.privateRun(TestRunner.java:764)
at org.testng.TestRunner.run(TestRunner.java:585)
at org.testng.SuiteRunner.runTest(SuiteRunner.java:384)
at org.testng.SuiteRunner.runSequentially(SuiteRunner.java:378)
at org.testng.SuiteRunner.privateRun(SuiteRunner.java:337)
at org.testng.SuiteRunner.run(SuiteRunner.java:286)
at org.testng.SuiteRunnerWorker.runSuite(SuiteRunnerWorker.java:53)
at org.testng.SuiteRunnerWorker.run(SuiteRunnerWorker.java:96)
at org.testng.TestNG.runSuitesSequentially(TestNG.java:1218)
at org.testng.TestNG.runSuitesLocally(TestNG.java:1140)
at org.testng.TestNG.runSuites(TestNG.java:1069)
at org.testng.TestNG.run(TestNG.java:1037)
at org.testng.remote.AbstractRemoteTestNG.run(AbstractRemoteTestNG.java:115)
at org.testng.remote.RemoteTestNG.initAndRun(RemoteTestNG.java:251)
at org.testng.remote.RemoteTestNG.main(RemoteTestNG.java:77)
]]>
            </full-stacktrace>
          </exception> <!-- java.lang.NullPointerException -->
          <reporter-output>
            <line>
              <![CDATA[Open Tasks Pageis displayed]]>
            </line>
            <line>
              <![CDATA[Active Projects & Customers Pageis displayed]]>
            </line>
          </reporter-output>
        </test-method> <!-- createProject -->
      </class> <!-- actitime.CreateProjectTest -->
    </test> <!-- Test -->
  </suite> <!-- Suite -->
</testng-results>
