<?xml version="1.0" encoding="UTF-8"?>
<!-- Generated by org.testng.reporters.JUnitXMLReporter -->
<testsuite hostname="DESKTOP-IKJOVKI" ignored="0" name="Test" tests="1" failures="0" timestamp="2021-03-06T19:25:19 IST" time="0.118" errors="0">
  <testcase name="@BeforeClass openBrowser" time="0.013" classname="com.Actitime.genericLib.BaseTest">
    <failure type="java.io.FileNotFoundException" message="E:\New folder\Mavenprj\Workspace\actitime\src\test\resources\data\config.properties (The system cannot find the path specified)">
      <![CDATA[java.io.FileNotFoundException: E:\New folder\Mavenprj\Workspace\actitime\src\test\resources\data\config.properties (The system cannot find the path specified)
at java.io.FileInputStream.open0(Native Method)
at java.io.FileInputStream.open(FileInputStream.java:195)
at java.io.FileInputStream.<init>(FileInputStream.java:138)
at java.io.FileInputStream.<init>(FileInputStream.java:93)
at com.Actitime.genericLib.FileLib.getPropKeyValue(FileLib.java:38)
at com.Actitime.genericLib.BaseTest.openBrowser(BaseTest.java:20)
at java.util.ArrayList.forEach(ArrayList.java:1259)
... Removed 25 stack frames]]>
    </failure>
  </testcase> <!-- @BeforeClass openBrowser -->
  <testcase name="createUser" time="0.0" classname="actitime.CreateUserTest">
    <skipped/>
  </testcase> <!-- createUser -->
</testsuite> <!-- Test -->
