<?xml version="1.0" encoding="UTF-8"?>
<!-- Generated by org.testng.reporters.JUnitXMLReporter -->
<testsuite hostname="DESKTOP-IKJOVKI" ignored="0" name="Test" tests="1" failures="1" timestamp="2021-03-03T09:00:41 IST" time="18.87" errors="0">
  <testcase name="createProject" time="5.199" classname="actitime.CreateProjectTest">
    <failure type="java.lang.NullPointerException">
      <![CDATA[java.lang.NullPointerException
at com.pages.ActiveProjectsAndCustPage.clickAddPrj(ActiveProjectsAndCustPage.java:24)
at actitime.CreateProjectTest.createProject(CreateProjectTest.java:32)
at java.util.ArrayList.forEach(ArrayList.java:1259)
... Removed 27 stack frames]]>
    </failure>
  </testcase> <!-- createProject -->
</testsuite> <!-- Test -->
